<?xml version="1.0" encoding="UTF-8"?>
<testsuite name="com.liferay.poshi.runner.PoshiRunner" tests="1" skipped="0" failures="1" errors="0" timestamp="2023-02-15T12:47:21" hostname="fedora" time="0.006">
  <properties/>
  <testcase name="test[LocalFile.PortalSmoke#Smoke]" classname="com.liferay.poshi.runner.PoshiRunner" time="0.006">
    <failure message="com.liferay.poshi.runner.exception.PoshiRunnerLoggerException: No test case element found for PortalSmoke#Smoke" type="com.liferay.poshi.runner.exception.PoshiRunnerLoggerException">com.liferay.poshi.runner.exception.PoshiRunnerLoggerException: No test case element found for PortalSmoke#Smoke
	at com.liferay.poshi.runner.logger.SyntaxLogger.generateSyntaxLog(SyntaxLogger.java:140)
	at com.liferay.poshi.runner.logger.SyntaxLogger.&lt;init&gt;(SyntaxLogger.java:38)
	at com.liferay.poshi.runner.logger.XMLSyntaxLogger.&lt;init&gt;(XMLSyntaxLogger.java:33)
	at com.liferay.poshi.runner.logger.PoshiLogger._getSyntaxLogger(PoshiLogger.java:267)
	at com.liferay.poshi.runner.logger.PoshiLogger.&lt;init&gt;(PoshiLogger.java:44)
	at com.liferay.poshi.runner.PoshiRunner.&lt;init&gt;(PoshiRunner.java:156)
	at sun.reflect.NativeConstructorAccessorImpl.newInstance0(Native Method)
	at sun.reflect.NativeConstructorAccessorImpl.newInstance(NativeConstructorAccessorImpl.java:62)
	at sun.reflect.DelegatingConstructorAccessorImpl.newInstance(DelegatingConstructorAccessorImpl.java:45)
	at java.lang.reflect.Constructor.newInstance(Constructor.java:423)
	at org.junit.runners.parameterized.BlockJUnit4ClassRunnerWithParameters.createTestUsingConstructorInjection(BlockJUnit4ClassRunnerWithParameters.java:56)
	at org.junit.runners.parameterized.BlockJUnit4ClassRunnerWithParameters.createTest(BlockJUnit4ClassRunnerWithParameters.java:46)
	at org.junit.runners.BlockJUnit4ClassRunner.createTest(BlockJUnit4ClassRunner.java:260)
	at org.junit.runners.BlockJUnit4ClassRunner$2.runReflectiveCall(BlockJUnit4ClassRunner.java:309)
	at org.junit.internal.runners.model.ReflectiveCallable.run(ReflectiveCallable.java:12)
	at org.junit.runners.BlockJUnit4ClassRunner.methodBlock(BlockJUnit4ClassRunner.java:306)
	at org.junit.runners.BlockJUnit4ClassRunner$1.evaluate(BlockJUnit4ClassRunner.java:100)
	at org.junit.runners.ParentRunner.runLeaf(ParentRunner.java:366)
	at org.junit.runners.BlockJUnit4ClassRunner.runChild(BlockJUnit4ClassRunner.java:103)
	at org.junit.runners.BlockJUnit4ClassRunner.runChild(BlockJUnit4ClassRunner.java:63)
	at org.junit.runners.ParentRunner$4.run(ParentRunner.java:331)
	at org.junit.runners.ParentRunner$1.schedule(ParentRunner.java:79)
	at org.junit.runners.ParentRunner.runChildren(ParentRunner.java:329)
	at org.junit.runners.ParentRunner.access$100(ParentRunner.java:66)
	at org.junit.runners.ParentRunner$2.evaluate(ParentRunner.java:293)
	at org.junit.runners.ParentRunner.run(ParentRunner.java:413)
	at org.junit.runners.Suite.runChild(Suite.java:128)
	at org.junit.runners.Suite.runChild(Suite.java:27)
	at org.junit.runners.ParentRunner$4.run(ParentRunner.java:331)
	at org.junit.runners.ParentRunner$1.schedule(ParentRunner.java:79)
	at org.junit.runners.ParentRunner.runChildren(ParentRunner.java:329)
	at org.junit.runners.ParentRunner.access$100(ParentRunner.java:66)
	at org.junit.runners.ParentRunner$2.evaluate(ParentRunner.java:293)
	at org.junit.internal.runners.statements.RunAfters.evaluate(RunAfters.java:27)
	at org.junit.runners.ParentRunner$3.evaluate(ParentRunner.java:306)
	at org.junit.runners.ParentRunner.run(ParentRunner.java:413)
	at org.gradle.api.internal.tasks.testing.junit.JUnitTestClassExecutor.runTestClass(JUnitTestClassExecutor.java:110)
	at org.gradle.api.internal.tasks.testing.junit.JUnitTestClassExecutor.execute(JUnitTestClassExecutor.java:58)
	at org.gradle.api.internal.tasks.testing.junit.JUnitTestClassExecutor.execute(JUnitTestClassExecutor.java:38)
	at org.gradle.api.internal.tasks.testing.junit.AbstractJUnitTestClassProcessor.processTestClass(AbstractJUnitTestClassProcessor.java:62)
	at org.gradle.api.internal.tasks.testing.SuiteTestClassProcessor.processTestClass(SuiteTestClassProcessor.java:51)
	at sun.reflect.NativeMethodAccessorImpl.invoke0(Native Method)
	at sun.reflect.NativeMethodAccessorImpl.invoke(NativeMethodAccessorImpl.java:62)
	at sun.reflect.DelegatingMethodAccessorImpl.invoke(DelegatingMethodAccessorImpl.java:43)
	at java.lang.reflect.Method.invoke(Method.java:498)
	at org.gradle.internal.dispatch.ReflectionDispatch.dispatch(ReflectionDispatch.java:36)
	at org.gradle.internal.dispatch.ReflectionDispatch.dispatch(ReflectionDispatch.java:24)
	at org.gradle.internal.dispatch.ContextClassLoaderDispatch.dispatch(ContextClassLoaderDispatch.java:33)
	at org.gradle.internal.dispatch.ProxyDispatchAdapter$DispatchingInvocationHandler.invoke(ProxyDispatchAdapter.java:94)
	at com.sun.proxy.$Proxy2.processTestClass(Unknown Source)
	at org.gradle.api.internal.tasks.testing.worker.TestWorker.processTestClass(TestWorker.java:119)
	at sun.reflect.NativeMethodAccessorImpl.invoke0(Native Method)
	at sun.reflect.NativeMethodAccessorImpl.invoke(NativeMethodAccessorImpl.java:62)
	at sun.reflect.DelegatingMethodAccessorImpl.invoke(DelegatingMethodAccessorImpl.java:43)
	at java.lang.reflect.Method.invoke(Method.java:498)
	at org.gradle.internal.dispatch.ReflectionDispatch.dispatch(ReflectionDispatch.java:36)
	at org.gradle.internal.dispatch.ReflectionDispatch.dispatch(ReflectionDispatch.java:24)
	at org.gradle.internal.remote.internal.hub.MessageHubBackedObjectConnection$DispatchWrapper.dispatch(MessageHubBackedObjectConnection.java:182)
	at org.gradle.internal.remote.internal.hub.MessageHubBackedObjectConnection$DispatchWrapper.dispatch(MessageHubBackedObjectConnection.java:164)
	at org.gradle.internal.remote.internal.hub.MessageHub$Handler.run(MessageHub.java:414)
	at org.gradle.internal.concurrent.ExecutorPolicy$CatchAndRecordFailures.onExecute(ExecutorPolicy.java:64)
	at org.gradle.internal.concurrent.ManagedExecutorImpl$1.run(ManagedExecutorImpl.java:48)
	at java.util.concurrent.ThreadPoolExecutor.runWorker(ThreadPoolExecutor.java:1149)
	at java.util.concurrent.ThreadPoolExecutor$Worker.run(ThreadPoolExecutor.java:624)
	at org.gradle.internal.concurrent.ThreadFactoryImpl$ManagedThreadRunnable.run(ThreadFactoryImpl.java:56)
	at java.lang.Thread.run(Thread.java:750)
Caused by: com.liferay.poshi.runner.exception.PoshiRunnerLoggerException: No test case element found for PortalSmoke#Smoke
	at com.liferay.poshi.runner.logger.SyntaxLogger.generateSyntaxLog(SyntaxLogger.java:111)
	... 65 more
</failure>
    <system-out><![CDATA[]]></system-out>
    <system-err><![CDATA[]]></system-err>
  </testcase>
  <system-out><![CDATA[-- listing properties --
accessibility.standards.tags=wcag2a,wcag2aa,wcag21a,wcag21aa
browser.type=chrome
debug.stacktrace=false
get.location.max.retries=3
get.location.timeout=5
logger.resources.url=https://cdn.jsdelivr.net/gh/liferay/liferay-portal@57eaf59a91363ecff85257ad1836f7715a109b33/modules/test/poshi/poshi-runner/src/main/resources/META-INF/resources
mobile.browser=false
output.dir.name=H:\selenium-output\
portal.url=http://liferay.com
poshi.file.read.thread.pool=16
proxy.server.enabled=false
save.screenshot=true
save.web.page=false
tcat.enabled=false
test.assert.console.errors=true
test.assert.javascript.errors=true
test.assert.warning.exceptions=true
test.base.dir.name=poshi-tests
test.batch.group.ignore.regex=portal.(acceptance|smoke|release).*|priority|testray.*
test.batch.max.group.size=25
test.batch.max.subgroup.size=1
test.batch.run.type=single
test.case.available.property.names=component.names,portal.smoke,testray.main.component.name
test.dependencies.dir.name=dependencies/
test.jvm.max.retries=0
test.name=PortalSmoke#Smoke
test.poshi.script.validation=true
test.poshi.warnings.file.name=test-results/poshi-warnings.xml
test.retry.command.wait.time=3
test.run.locally=false
test.skip.tear.down=false
test.testcase.max.retries=0
timeout.explicit.wait=60
timeout.implicit.wait=3

Start reading Poshi files.
Completed reading Poshi files in 503ms.
Start poshi validation.
Completed poshi validation in 2ms.
]]></system-out>
  <system-err><![CDATA[SLF4J: Failed to load class "org.slf4j.impl.StaticLoggerBinder".
SLF4J: Defaulting to no-operation (NOP) logger implementation
SLF4J: See http://www.slf4j.org/codes.html#StaticLoggerBinder for further details.
feb 15, 2023 1:47:21 PM com.liferay.poshi.core.PoshiValidation validateDeprecatedFunction
ADVERTENCIA: Deprecated method "selenium.antCommand" should be replaced with "AntCommands.runCommand" at:
file:///home/manoelcyreno/.gradle/caches/modules-2/files-2.1/com.liferay/com.liferay.poshi.runner.resources/1.0.14/45c037f5bd1aa8655fb049eb3136be852f6d24e8/com.liferay.poshi.runner.resources-1.0.14.jar!/default/testFunctional/functions/AntCommand.function:6
]]></system-err>
</testsuite>
